[ 2018-10-10T10:14:34+08:00 ] 127.0.0.1 /index.php/Admin/Dept/showList.html
ERR: 1054:Unknown column 't2.name' in 'field list'
 [ SQL语句 ] : SELECT t1.*,t2.name as parentName FROM oa_dept t1 left join oa_dept on t1.pid=t2.id  ORDER BY sort asc 

[ 2018-10-10T13:33:39+08:00 ] 127.0.0.1 /index.php/Admin/User/del.html/id/1
INFO: [ app_begin ] --START--
INFO: Run Behavior\ReadHtmlCacheBehavior [ RunTime:0.004001s ]
INFO: [ app_begin ] --END-- [ RunTime:0.005001s ]
ERR: 非法操作:del.html

[ 2018-10-10T13:35:26+08:00 ] 127.0.0.1 /index.php/Admin/User/del.html/id/1
INFO: [ app_begin ] --START--
INFO: Run Behavior\ReadHtmlCacheBehavior [ RunTime:0.003000s ]
INFO: [ app_begin ] --END-- [ RunTime:0.005000s ]
ERR: 非法操作:del.html

[ 2018-10-10T13:39:17+08:00 ] 127.0.0.1 /index.php/Admin/User/del.html/id/1
INFO: [ app_begin ] --START--
INFO: Run Behavior\ReadHtmlCacheBehavior [ RunTime:0.004000s ]
INFO: [ app_begin ] --END-- [ RunTime:0.006000s ]
ERR: 非法操作:del.html

[ 2018-10-10T13:39:58+08:00 ] 127.0.0.1 /index.php/Admin/User/del.html/id/1
INFO: [ app_begin ] --START--
INFO: Run Behavior\ReadHtmlCacheBehavior [ RunTime:0.004000s ]
INFO: [ app_begin ] --END-- [ RunTime:0.005000s ]
ERR: 非法操作:del.html

[ 2018-10-10T13:41:04+08:00 ] 127.0.0.1 /index.php/Admin/User/del/id/1
INFO: [ app_begin ] --START--
INFO: Run Behavior\ReadHtmlCacheBehavior [ RunTime:0.005000s ]
INFO: [ app_begin ] --END-- [ RunTime:0.007000s ]
SQL: SHOW COLUMNS FROM `oa_user` [ RunTime:0.0060s ]

[ 2018-10-10T13:43:09+08:00 ] 127.0.0.1 /index.php/Admin/User/del/id/1
INFO: [ app_begin ] --START--
INFO: Run Behavior\ReadHtmlCacheBehavior [ RunTime:0.003000s ]
INFO: [ app_begin ] --END-- [ RunTime:0.005000s ]
SQL: SHOW COLUMNS FROM `oa_user` [ RunTime:0.0060s ]
SQL: DELETE FROM `oa_user` WHERE `id` = 1 [ RunTime:0.0000s ]

[ 2018-10-10T13:55:25+08:00 ] 127.0.0.1 /index.php/Admin/User/%7B:U('del','',false)%7D/id/4
INFO: [ app_begin ] --START--
INFO: Run Behavior\ReadHtmlCacheBehavior [ RunTime:0.003000s ]
INFO: [ app_begin ] --END-- [ RunTime:0.004000s ]
ERR: 非法操作:{:U('del','',false)}

[ 2018-10-10T13:58:39+08:00 ] 127.0.0.1 /index.php/Admin/User/del/id/3
INFO: [ app_begin ] --START--
INFO: Run Behavior\ReadHtmlCacheBehavior [ RunTime:0.004000s ]
INFO: [ app_begin ] --END-- [ RunTime:0.005000s ]
SQL: SHOW COLUMNS FROM `oa_user` [ RunTime:0.0060s ]
SQL: DELETE FROM `oa_user` WHERE `id` = 3 [ RunTime:0.0000s ]

[ 2018-10-10T14:00:49+08:00 ] 127.0.0.1 /index.php/Admin/User/count.html
ERR: 非法操作:count

[ 2018-10-10T14:29:36+08:00 ] 127.0.0.1 /index.php/Admin/Index/home.html
ERR: 非法操作:home

[ 2018-10-10T14:29:40+08:00 ] 127.0.0.1 /index.php/Admin/Index/home.html
ERR: 非法操作:home

[ 2018-10-10T17:12:38+08:00 ] 127.0.0.1 /index.php/Admin/Index/home.html
ERR: 非法操作:home

